2024-09-03 12:13:32,943 - INFO - Uygulama ba\u015flat\u0131ld\u0131 ve loglama ba\u015flat\u0131ld\u0131.
2024-09-03 12:13:32,948 - INFO - Listener ba\u015flat\u0131ld\u0131.
2024-09-03 12:13:38,801 - INFO - Web UI ba\u015flat\u0131ld\u0131.
2024-09-03 12:13:49,897 - INFO - Manuel veri girilmedi.
2024-09-03 12:13:52,775 - INFO - Listener i\u015flemi durduruldu.
2024-09-03 12:13:52,775 - INFO - Web UI i\u015flemi durduruldu.
2024-09-03 13:55:58,764 - INFO - Uygulama ba\u015flat\u0131ld\u0131 ve loglama ba\u015flat\u0131ld\u0131.
2024-09-03 13:55:58,774 - INFO - Listener ba\u015flat\u0131ld\u0131.
2024-09-03 13:56:01,486 - INFO - Listener i\u015flemi durduruldu.
2024-09-03 17:48:10,835 - INFO - Uygulama ba\u015flat\u0131ld\u0131 ve loglama ba\u015flat\u0131ld\u0131.
2024-09-03 17:48:14,848 - INFO - Manuel veri girildi: cgfdfdgfdg
2024-09-04 09:24:57,617 - INFO - Uygulama ba\u015flat\u0131ld\u0131 ve loglama ba\u015flat\u0131ld\u0131.
2024-09-04 09:24:57,624 - INFO - Listener ba\u015flat\u0131ld\u0131.
2024-09-04 15:45:12,474 - INFO - Uygulama ba\u015flat\u0131ld\u0131 ve loglama ba\u015flat\u0131ld\u0131.
2024-09-04 15:45:36,577 - INFO - Manuel veri girilmedi.
2024-09-05 14:42:11,979 - INFO - Uygulama ba\u015flat\u0131ld\u0131 ve loglama ba\u015flat\u0131ld\u0131.
2024-09-06 09:18:45,933 - INFO - Uygulama ba\u015flat\u0131ld\u0131 ve loglama ba\u015flat\u0131ld\u0131.
2024-09-09 17:18:50,707 - INFO - Uygulama ba\u015flat\u0131ld\u0131 ve loglama ba\u015flat\u0131ld\u0131.
2024-09-09 17:18:50,712 - INFO - Listener ba\u015flat\u0131ld\u0131.
2024-09-09 17:18:57,498 - INFO - Web UI ba\u015flat\u0131ld\u0131.
2024-09-09 17:19:07,918 - INFO - Manuel veri girilmedi.
2024-09-09 17:20:09,030 - INFO - Listener i\u015flemi durduruldu.
2024-09-09 17:20:09,030 - INFO - Web UI i\u015flemi durduruldu.
2024-09-10 14:50:22,416 - INFO - Uygulama ba\u015flat\u0131ld\u0131 ve loglama ba\u015flat\u0131ld\u0131.
